<?xml version="1.0" encoding="UTF-8"?>
<testng-results ignored="0" total="3" passed="3" failed="0" skipped="0">
  <reporter-output>
  </reporter-output>
  <suite started-at="2020-05-31T05:46:21Z" name="test-suite-parallel" finished-at="2020-05-31T05:46:38Z" duration-ms="17655">
    <groups>
    </groups>
    <test started-at="2020-05-31T05:46:21Z" name="test3" finished-at="2020-05-31T05:46:25Z" duration-ms="4216">
      <class name="com.testCases.TestAPI">
        <test-method signature="testCallAPI()[pri:0, instance:com.testCases.TestAPI@47e2e487]" started-at="2020-05-31T05:46:21Z" name="testCallAPI" finished-at="2020-05-31T05:46:25Z" duration-ms="4169" status="PASS">
          <reporter-output>
          </reporter-output>
        </test-method> <!-- testCallAPI -->
      </class> <!-- com.testCases.TestAPI -->
    </test> <!-- test3 -->
    <test started-at="2020-05-31T05:46:21Z" name="test1" finished-at="2020-05-31T05:46:34Z" duration-ms="13032">
      <class name="com.testCases.TestSortByFirstName">
        <test-method signature="TestSorting()[pri:0, instance:com.testCases.TestSortByFirstName@bae7dc0]" started-at="2020-05-31T05:46:21Z" name="TestSorting" finished-at="2020-05-31T05:46:34Z" duration-ms="12915" status="PASS">
          <reporter-output>
          </reporter-output>
        </test-method> <!-- TestSorting -->
        <test-method is-config="true" signature="afterTest()[pri:0, instance:com.testCases.TestSortByFirstName@bae7dc0]" started-at="2020-05-31T05:46:34Z" name="afterTest" finished-at="2020-05-31T05:46:34Z" duration-ms="95" status="PASS">
          <reporter-output>
          </reporter-output>
        </test-method> <!-- afterTest -->
      </class> <!-- com.testCases.TestSortByFirstName -->
    </test> <!-- test1 -->
    <test started-at="2020-05-31T05:46:21Z" name="test2" finished-at="2020-05-31T05:46:38Z" duration-ms="17655">
      <class name="com.testCases.TestFilterByStatus">
        <test-method signature="TestFilter()[pri:0, instance:com.testCases.TestFilterByStatus@290222c1]" started-at="2020-05-31T05:46:21Z" name="TestFilter" finished-at="2020-05-31T05:46:38Z" duration-ms="17529" status="PASS">
          <reporter-output>
          </reporter-output>
        </test-method> <!-- TestFilter -->
        <test-method is-config="true" signature="afterTest()[pri:0, instance:com.testCases.TestFilterByStatus@290222c1]" started-at="2020-05-31T05:46:38Z" name="afterTest" finished-at="2020-05-31T05:46:38Z" duration-ms="104" status="PASS">
          <reporter-output>
          </reporter-output>
        </test-method> <!-- afterTest -->
      </class> <!-- com.testCases.TestFilterByStatus -->
    </test> <!-- test2 -->
  </suite> <!-- test-suite-parallel -->
</testng-results>
